MPASM 5.58                          MAIN.ASM   3-28-2018  2:31:04         PAGE  1


LOC  OBJECT CODE     LINE SOURCE TEXT
  VALUE

                      00001 #include "p16F1827.inc"
                      00001         LIST
                      00002 
                      00003 ;==========================================================================
                      00004 ;  MPASM PIC16F1827 processor include
                      00005 ; 
                      00006 ;  (c) Copyright 1999-2014 Microchip Technology, All rights reserved
                      00007 ;==========================================================================
                      00008 
                      01312         LIST
                      00002 
                      00003 ; CONFIG1
8007   3FC4           00004  __CONFIG _CONFIG1,  0x3FC4
                      00005 ; __CONFIG _CONFIG1, _FOSC_INTOSC & _WDTE_OFF & _PWRTE_ON & _MCLRE_ON & _CP_OFF & _CPD_OFF & _BOREN_ON &
                             _CLKOUTEN_OFF & _IESO_ON & _FCMEN_ON
                      00006 ; CONFIG2
8008   3FFF           00007  __CONFIG _CONFIG2, 0x3FFF
                      00008 ;__CONFIG _CONFIG2, _WRT_OFF & _PLLEN_ON & _STVREN_ON & _BORV_LO & _LVP_ON
                      00009 
                      00010 ; SC1602 to PIC16F1827 pin connection
                      00011 ; RS -> RA2 -> RA0
                      00012 ; R/W -> RA1 -> RA6
                      00013 ; E -> RA0 -> RA7
                      00014 ; DB0-7 -> RB0-7 -> RB5,4,7,6,3,2,1,0: RB7-0 -> DB2,3,0,1,4,5,6,7
                      00015 ; DHT11 RA4
                      00016 
                      00017 ; file registers
  00000020            00018 LCDRSRW EQU     20H
  00000021            00019 LCDDATA EQU     21H
  00000022            00020 CNTW37U EQU     22H
  00000023            00021 CNTW1M5 EQU     23H
                      00022 
  00000024            00023 CNTRDBIT    EQU 24H
  00000025            00024 DATDHTRD    EQU 25H
  00000026            00025 CNTDHTTH    EQU 26H
  00000027            00026 TMPRTURE    EQU 27H
  00000028            00027 HUMIDITY    EQU 28H
  00000029            00028 _TMPRTURE   EQU 29H
  0000002A            00029 _HUMIDITY   EQU 2AH
  0000002B            00030 DIG100      EQU 2BH
  0000002C            00031 DIG10       EQU 2CH
  0000002D            00032 DIG1        EQU 2DH
  0000002E            00033 PARITY      EQU 2EH
  0000002F            00034 HEXNUM      EQU 2FH
                      00035 
                      00036         ORG      00H          ; processor reset vector
0000   2???           00037         GOTO    START                   ; go to beginning of program
                      00038 
0001                  00039 ISR
                      00040         ORG      04H          ; interrupt vector location
0004   0009           00041         RETFIE
                      00042 
0005   0782           00043 DIG2LCD ADDWF   PCL,1
MPASM 5.58                          MAIN.ASM   3-28-2018  2:31:04         PAGE  2


LOC  OBJECT CODE     LINE SOURCE TEXT
  VALUE

0006   340C           00044         RETLW   B'00001100'
0007   342C           00045         RETLW   B'00101100'
0008   341C           00046         RETLW   B'00011100'
0009   343C           00047         RETLW   B'00111100'
000A   348C           00048         RETLW   B'10001100'
000B   34AC           00049         RETLW   B'10101100'
000C   349C           00050         RETLW   B'10011100'
000D   34BC           00051         RETLW   B'10111100'
000E   344C           00052         RETLW   B'01001100'
000F   346C           00053         RETLW   B'01101100'
                      00054 
                      00055 
0010                  00056 START
0010   0021           00057         BANKSEL OSCCON
0011   3078           00058         MOVLW   B'01111000'
Message[302]: Register in operand not in bank 0.  Ensure that bank bits are correct.
0012   0099           00059         MOVWF   OSCCON
0013   0023           00060         BANKSEL ANSELA
Message[302]: Register in operand not in bank 0.  Ensure that bank bits are correct.
0014   018C           00061         CLRF    ANSELA
Message[302]: Register in operand not in bank 0.  Ensure that bank bits are correct.
0015   018D           00062         CLRF    ANSELB
0016   0022           00063         BANKSEL LATA
Message[302]: Register in operand not in bank 0.  Ensure that bank bits are correct.
0017   018C           00064         CLRF    LATA
Message[302]: Register in operand not in bank 0.  Ensure that bank bits are correct.
0018   018D           00065         CLRF    LATB
0019   0021           00066         BANKSEL TRISA
001A   3000           00067         MOVLW   B'00000000'
Message[302]: Register in operand not in bank 0.  Ensure that bank bits are correct.
001B   008C           00068         MOVWF   TRISA
001C   3000           00069         MOVLW   B'00000000'
Message[302]: Register in operand not in bank 0.  Ensure that bank bits are correct.
001D   008D           00070         MOVWF   TRISB
                      00071 
001E   0188           00072         CLRF    BSR
001F   01A0           00073         CLRF    LCDRSRW
0020   01A1           00074         CLRF    LCDDATA
0021   160C           00075         BSF     PORTA,4
0022   100C           00076         BCF     PORTA,0
                      00077 
0023   1020           00078         BCF     LCDRSRW,0
0024   1320           00079         BCF     LCDRSRW,6
0025   304C           00080         MOVLW   B'01001100'
0026   00A1           00081         MOVWF   LCDDATA
0027   2???           00082         CALL    LCDWRIT
0028   2???           00083         CALL    WAIT37US
0029   2???           00084         CALL    LCDWRIT
002A   2???           00085         CALL    WAIT37US
                      00086 
002B   3020           00087         MOVLW   B'00100000'
002C   00A1           00088         MOVWF   LCDDATA
002D   2???           00089         CALL    LCDWRIT
MPASM 5.58                          MAIN.ASM   3-28-2018  2:31:04         PAGE  3


LOC  OBJECT CODE     LINE SOURCE TEXT
  VALUE

002E   2???           00090         CALL    WAIT1M5S
                      00091 
002F   30C0           00092         MOVLW   B'11000000'
0030   00A1           00093         MOVWF   LCDDATA
0031   2???           00094         CALL    LCDWRIT
0032   2???           00095         CALL    WAIT37US
                      00096 
0033   3090           00097         MOVLW   B'10010000'
0034   00A1           00098         MOVWF   LCDDATA
0035   2???           00099         CALL    LCDWRIT
0036   2???           00100         CALL    WAIT37US
                      00101 
0037   3001           00102         MOVLW   B'00000001'
0038   00A1           00103         MOVWF   LCDDATA
0039   2???           00104         CALL    LCDWRIT
003A   2???           00105         CALL    WAIT37US
                      00106 ;initialize finished
                      00107 
003B   2???           00108         CALL    DHTREAD
003C   1420           00109         BSF     LCDRSRW,0
                      00110 
003D   0827           00111         MOVF    TMPRTURE,0
003E   00AF           00112         MOVWF   HEXNUM
003F   3004           00113         MOVLW    B'00000100'
0040   1FA7           00114         BTFSS   TMPRTURE,7
0041   2???           00115         GOTO    DSPLTMPR
0042   0927           00116         COMF    TMPRTURE,0
0043   3E01           00117         ADDLW   B'00000001'
0044   00AF           00118         MOVWF   HEXNUM
0045   30E4           00119         MOVLW    B'11100100'
0046                  00120 DSPLTMPR
0046   00A1           00121         MOVWF   LCDDATA
0047   2???           00122         CALL    LCDWRIT
0048   2???           00123         CALL    WAIT37US
0049   2???           00124         CALL    DSPLBCD
                      00125 
004A   30FB           00126         MOVLW    B'11111011'
004B   00A1           00127         MOVWF   LCDDATA
004C   2???           00128         CALL    LCDWRIT
004D   2???           00129         CALL    WAIT37US
004E   3032           00130         MOVLW    B'00110010'
004F   00A1           00131         MOVWF   LCDDATA
0050   2???           00132         CALL    LCDWRIT
0051   2???           00133         CALL    WAIT37US
0052   3005           00134         MOVLW    B'00000101'
0053   00A1           00135         MOVWF   LCDDATA
0054   2???           00136         CALL    LCDWRIT
0055   2???           00137         CALL    WAIT37US
                      00138 
0056   0828           00139         MOVF    HUMIDITY,0
0057   00AF           00140         MOVWF   HEXNUM
0058   2???           00141         CALL    DSPLBCD
                      00142 
MPASM 5.58                          MAIN.ASM   3-28-2018  2:31:04         PAGE  4


LOC  OBJECT CODE     LINE SOURCE TEXT
  VALUE

0059   30A4           00143         MOVLW    B'10100100'
005A   00A1           00144         MOVWF   LCDDATA
005B   2???           00145         CALL    LCDWRIT
005C   2???           00146         CALL    WAIT37US
                      00147 
                      00148 
005D   2???           00149         CALL    WAIT1S
005E   0001           00150         RESET
005F                  00151 LOOP
005F   2???           00152         GOTO    LOOP
                      00153 
                      00154 ; variables LCDRSRW(RS, R/W bits),  LCDDATA(DATA byte) should be set before call
0060                  00155 LCDWRIT 
0060   303E           00156         MOVLW   B'00111110'
0061   058C           00157         ANDWF   PORTA,1
0062   0820           00158         MOVF    LCDRSRW,0
0063   048C           00159         IORWF   PORTA,1
0064   0821           00160         MOVF    LCDDATA,0
0065   008D           00161         MOVWF   PORTB
0066   178C           00162         BSF     PORTA,7
0067   0000           00163         NOP             ; to ensure puls witdth of E and DATA
0068   0000           00164         NOP             ; to ensure puls witdth of E and DATA
0069   138C           00165         BCF     PORTA,7
006A   0008           00166         RETURN
                      00167 ; DISPLAY DECIMAL CALL AFTER HEXNUM SET
006B                  00168 DSPLBCD
006B   2???           00169         CALL    HEX2BCD
006C   082B           00170         MOVF    DIG100,0
006D   2???           00171         CALL    DIG2LCD
006E   00A1           00172         MOVWF   LCDDATA
006F   2???           00173         CALL    LCDWRIT
0070   2???           00174         CALL    WAIT37US
0071   082C           00175         MOVF    DIG10,0
0072   2???           00176         CALL    DIG2LCD
0073   00A1           00177         MOVWF   LCDDATA
0074   2???           00178         CALL    LCDWRIT
0075   2???           00179         CALL    WAIT37US
0076   082D           00180         MOVF    DIG1,0
0077   2???           00181         CALL    DIG2LCD
0078   00A1           00182         MOVWF   LCDDATA
0079   2???           00183         CALL    LCDWRIT
007A   2???           00184         CALL    WAIT37US
007B   0008           00185         RETURN
                      00186 
                      00187 ; HEXADECIMAL TO BCD
007C                  00188 HEX2BCD
007C   01AB           00189         CLRF    DIG100
007D   01AC           00190         CLRF    DIG10
007E   01AD           00191         CLRF    DIG1
007F                  00192 DIV100
007F   3064           00193         MOVLW   D'100'
0080   022F           00194         SUBWF   HEXNUM,0
0081   1C03           00195         BTFSS   STATUS,C
MPASM 5.58                          MAIN.ASM   3-28-2018  2:31:04         PAGE  5


LOC  OBJECT CODE     LINE SOURCE TEXT
  VALUE

0082   2???           00196         GOTO    DIV10
0083   00AF           00197         MOVWF   HEXNUM
0084   0AAB           00198         INCF    DIG100,1
0085   2???           00199         GOTO    DIV100
0086                  00200 DIV10
0086   300A           00201         MOVLW   D'10'
0087   022F           00202         SUBWF   HEXNUM,0
0088   1C03           00203         BTFSS   STATUS,C
0089   2???           00204         GOTO    DIV1
008A   00AF           00205         MOVWF   HEXNUM
008B   0AAC           00206         INCF    DIG10,1
008C   2???           00207         GOTO    DIV10
008D                  00208 DIV1
008D   3001           00209         MOVLW   D'1'
008E   022F           00210         SUBWF   HEXNUM,0
008F   1C03           00211         BTFSS   STATUS,C
0090   0008           00212         RETURN
0091   00AF           00213         MOVWF   HEXNUM
0092   0AAD           00214         INCF    DIG1,1
0093   2???           00215         GOTO    DIV1
                      00216 
                      00217 ; READ DHT11
0094                  00218 DHTREAD
0094   0021           00219         BANKSEL TRISA
Message[302]: Register in operand not in bank 0.  Ensure that bank bits are correct.
0095   120C           00220         BCF     TRISA,4
0096   0020           00221         BANKSEL PORTA
0097   120C           00222         BCF     PORTA,4
0098   2???           00223         CALL    WAIT20MS
                      00224 ;        BSF     PORTA,4
0099   0021           00225         BANKSEL TRISA
Message[302]: Register in operand not in bank 0.  Ensure that bank bits are correct.
009A   160C           00226         BSF     TRISA,4
009B   0020           00227         BANKSEL PORTA
009C   01AE           00228         CLRF   PARITY
009D   2???           00229         CALL    WAIT37US
                      00230 
009E                  00231 CHKDHTRESF1
009E   1A0C           00232         BTFSC   PORTA,4
009F   2???           00233         GOTO    CHKDHTRESF1
00A0                  00234 CHKDHTRESR
00A0   1E0C           00235         BTFSS   PORTA,4
00A1   2???           00236         GOTO    CHKDHTRESR
00A2                  00237 CHKDHTRESF2
00A2   1A0C           00238         BTFSC   PORTA,4
00A3   2???           00239         GOTO    CHKDHTRESF2
                      00240 
                      00241 ;ok
                      00242 
00A4   2???           00243         CALL    DHTREAD1B
00A5   0825           00244         MOVF    DATDHTRD,0
00A6   00AA           00245         MOVWF   _HUMIDITY
00A7   07AE           00246         ADDWF   PARITY,1
MPASM 5.58                          MAIN.ASM   3-28-2018  2:31:04         PAGE  6


LOC  OBJECT CODE     LINE SOURCE TEXT
  VALUE

                      00247 
00A8   2???           00248         CALL    DHTREAD1B
00A9   0825           00249         MOVF    DATDHTRD,0
00AA   07AE           00250         ADDWF   PARITY,1
                      00251 
                      00252 ;ok
00AB   2???           00253         CALL    DHTREAD1B
00AC   0825           00254         MOVF    DATDHTRD,0
00AD   00A9           00255         MOVWF   _TMPRTURE
00AE   07AE           00256         ADDWF   PARITY,1
                      00257 
00AF   2???           00258         CALL    DHTREAD1B
00B0   0825           00259         MOVF    DATDHTRD,0
00B1   07AE           00260         ADDWF   PARITY,1
                      00261 
                      00262 
00B2   2???           00263         CALL    DHTREAD1B
00B3   0825           00264         MOVF    DATDHTRD,0
00B4   062E           00265         XORWF   PARITY,0
00B5   1D03           00266         BTFSS   STATUS,Z
00B6   0008           00267         RETURN
                      00268 
00B7   0829           00269         MOVF    _TMPRTURE,0
00B8   00A7           00270         MOVWF   TMPRTURE
00B9   082A           00271         MOVF    _HUMIDITY,0
00BA   00A8           00272         MOVWF   HUMIDITY
00BB   0008           00273         RETURN
                      00274 
                      00275 ; READ 1 BYTE FROM DHT11
00BC                  00276 DHTREAD1B
00BC   3008           00277         MOVLW   D'8'
00BD   00A4           00278         MOVWF   CNTRDBIT
00BE   01A5           00279         CLRF    DATDHTRD
00BF                  00280 LPDHTRD1B
00BF   01A6           00281         CLRF    CNTDHTTH
                      00282 ; CHECK PORTA[4] RISES
00C0                  00283 CHKDHTRISE
00C0   1E0C           00284         BTFSS   PORTA,4
00C1   2???           00285         GOTO    CHKDHTRISE
00C2                  00286 CHKDHTFALL; 4 CYCLE = 4/4 [us] PER LOOP
00C2   0AA6           00287         INCF    CNTDHTTH,1
00C3   1A0C           00288         BTFSC   PORTA,4
00C4   2???           00289         GOTO    CHKDHTFALL
                      00290 
00C5   3030           00291         MOVLW   D'48'
00C6   0226           00292         SUBWF   CNTDHTTH,0 ; RISE C FLAG WHEN PULSE IS LONG (I.E. BIT = 1)
00C7   0DA5           00293         RLF     DATDHTRD,1
00C8   0BA4           00294         DECFSZ  CNTRDBIT,1
00C9   2???           00295         GOTO    LPDHTRD1B
00CA   0008           00296         RETURN
                      00297 
                      00298 
                      00299 
MPASM 5.58                          MAIN.ASM   3-28-2018  2:31:04         PAGE  7


LOC  OBJECT CODE     LINE SOURCE TEXT
  VALUE

00CB                  00300 WAIT37US
00CB   3028           00301         MOVLW   D'40'    ;221 for 56us 146 for 37us
00CC   00A2           00302         MOVWF   CNTW37U
00CD                  00303 LPW37US
00CD   0000           00304         NOP
00CE   0BA2           00305         DECFSZ  CNTW37U,1
00CF   2???           00306         GOTO    LPW37US
00D0   0008           00307         RETURN
                      00308 
00D1                  00309 WAIT1M5S
00D1   3029           00310         MOVLW   D'41'
00D2   00A3           00311         MOVWF   CNTW1M5
00D3                  00312 LPW1M5S
00D3   2???           00313         CALL    WAIT37US
00D4   0BA3           00314         DECFSZ  CNTW1M5,1
00D5   2???           00315         GOTO    LPW1M5S
00D6   0008           00316         RETURN
00D7                  00317 WAIT20MS
00D7   300D           00318         MOVLW   D'13'
00D8   00B1           00319         MOVWF   31H
00D9                  00320 LPW20MS
00D9   2???           00321         CALL    WAIT1M5S
00DA   0BB1           00322         DECFSZ  31H,1
00DB   2???           00323         GOTO    LPW20MS
00DC   0008           00324         RETURN
                      00325 
                      00326 
00DD   3032           00327 WAIT1S  MOVLW   D'50'
00DE   00B0           00328         MOVWF   30H
00DF   2???           00329 LPW1S   CALL    WAIT20MS
00E0   0BB0           00330         DECFSZ  30H,1
00E1   2???           00331         GOTO    LPW1S
00E2   0008           00332         RETURN
                      00333 
                      00334 
3FC4 3FFF             00335         END
MPASM 5.58                          MAIN.ASM   3-28-2018  2:31:04         PAGE  8


SYMBOL TABLE
  LABEL                             VALUE 

ABDEN                             00000000
ABDOVF                            00000007
ACKDT                             00000005
ACKEN                             00000004
ACKSTAT                           00000006
ACKTIM                            00000007
ADCON0                            0000009D
ADCON1                            0000009E
ADCS0                             00000004
ADCS1                             00000005
ADCS2                             00000006
ADDEN                             00000003
ADFM                              00000007
ADFVR0                            00000000
ADFVR1                            00000001
ADGO                              00000001
ADIE                              00000006
ADIF                              00000006
ADNREF                            00000002
ADON                              00000000
ADPREF0                           00000000
ADPREF1                           00000001
ADRES                             0000009B
ADRESH                            0000009C
ADRESL                            0000009B
AHEN                              00000001
ANSA0                             00000000
ANSA1                             00000001
ANSA2                             00000002
ANSA3                             00000003
ANSA4                             00000004
ANSB1                             00000001
ANSB2                             00000002
ANSB3                             00000003
ANSB4                             00000004
ANSB5                             00000005
ANSB6                             00000006
ANSB7                             00000007
ANSELA                            0000018C
ANSELB                            0000018D
APFCON0                           0000011D
APFCON1                           0000011E
BAUDCON                           0000019F
BCL1IE                            00000003
BCL1IF                            00000003
BCL2IE                            00000001
BCL2IF                            00000001
BF                                00000000
BOEN                              00000004
BORCON                            00000116
BORRDY                            00000000
BRG16                             00000003
BRGH                              00000002
MPASM 5.58                          MAIN.ASM   3-28-2018  2:31:04         PAGE  9


SYMBOL TABLE
  LABEL                             VALUE 

BSR                               00000008
BSR0                              00000000
BSR1                              00000001
BSR2                              00000002
BSR3                              00000003
BSR4                              00000004
BSR_SHAD                          00000FE6
C                                 00000000
C1HYS                             00000001
C1IE                              00000005
C1IF                              00000005
C1INTN                            00000006
C1INTP                            00000007
C1NCH0                            00000000
C1NCH1                            00000001
C1OE                              00000005
C1ON                              00000007
C1OUT                             00000006
C1PCH0                            00000004
C1PCH1                            00000005
C1POL                             00000004
C1SP                              00000002
C1SYNC                            00000000
C1TSEL0                           00000000
C1TSEL1                           00000001
C2HYS                             00000001
C2IE                              00000006
C2IF                              00000006
C2INTN                            00000006
C2INTP                            00000007
C2NCH0                            00000000
C2NCH1                            00000001
C2OE                              00000005
C2ON                              00000007
C2OUT                             00000006
C2PCH0                            00000004
C2PCH1                            00000005
C2POL                             00000004
C2SP                              00000002
C2SYNC                            00000000
C2TSEL0                           00000002
C2TSEL1                           00000003
C3TSEL0                           00000004
C3TSEL1                           00000005
C4TSEL0                           00000006
C4TSEL1                           00000007
CCP1AS                            00000295
CCP1AS0                           00000004
CCP1AS1                           00000005
CCP1AS2                           00000006
CCP1ASE                           00000007
CCP1CON                           00000293
CCP1IE                            00000002
MPASM 5.58                          MAIN.ASM   3-28-2018  2:31:04         PAGE 10


SYMBOL TABLE
  LABEL                             VALUE 

CCP1IF                            00000002
CCP1M0                            00000000
CCP1M1                            00000001
CCP1M2                            00000002
CCP1M3                            00000003
CCP1SEL                           00000000
CCP2AS                            0000029C
CCP2AS0                           00000004
CCP2AS1                           00000005
CCP2AS2                           00000006
CCP2ASE                           00000007
CCP2CON                           0000029A
CCP2IE                            00000000
CCP2IF                            00000000
CCP2M0                            00000000
CCP2M1                            00000001
CCP2M2                            00000002
CCP2M3                            00000003
CCP2SEL                           00000003
CCP3CON                           00000313
CCP3IE                            00000004
CCP3IF                            00000004
CCP3M0                            00000000
CCP3M1                            00000001
CCP3M2                            00000002
CCP3M3                            00000003
CCP4CON                           0000031A
CCP4IE                            00000005
CCP4IF                            00000005
CCP4M0                            00000000
CCP4M1                            00000001
CCP4M2                            00000002
CCP4M3                            00000003
CCPR1                             00000291
CCPR1H                            00000292
CCPR1L                            00000291
CCPR2                             00000298
CCPR2H                            00000299
CCPR2L                            00000298
CCPR3                             00000311
CCPR3H                            00000312
CCPR3L                            00000311
CCPR4                             00000318
CCPR4H                            00000319
CCPR4L                            00000318
CCPTMRS                           0000029E
CCPTMRS0                          0000029E
CDAFVR0                           00000002
CDAFVR1                           00000003
CFGS                              00000006
CHKDHTFALL                        000000C2
CHKDHTRESF1                       0000009E
CHKDHTRESF2                       000000A2
MPASM 5.58                          MAIN.ASM   3-28-2018  2:31:04         PAGE 11


SYMBOL TABLE
  LABEL                             VALUE 

CHKDHTRESR                        000000A0
CHKDHTRISE                        000000C0
CHS0                              00000002
CHS1                              00000003
CHS2                              00000004
CHS3                              00000005
CHS4                              00000006
CKE                               00000006
CKP                               00000004
CLKRCON                           0000039A
CLKRDC0                           00000003
CLKRDC1                           00000004
CLKRDIV0                          00000000
CLKRDIV1                          00000001
CLKRDIV2                          00000002
CLKREN                            00000007
CLKROE                            00000006
CLKRSLR                           00000005
CM1CON0                           00000111
CM1CON1                           00000112
CM2CON0                           00000113
CM2CON1                           00000114
CMOUT                             00000115
CNTDHTTH                          00000026
CNTRDBIT                          00000024
CNTW1M5                           00000023
CNTW37U                           00000022
CPSCH0                            00000000
CPSCH1                            00000001
CPSCH2                            00000002
CPSCH3                            00000003
CPSCON0                           0000001E
CPSCON1                           0000001F
CPSON                             00000007
CPSOUT                            00000001
CPSRNG0                           00000002
CPSRNG1                           00000003
CREN                              00000004
CSRC                              00000007
C_SHAD                            00000000
DACCON0                           00000118
DACCON1                           00000119
DACEN                             00000007
DACLPS                            00000006
DACNSS                            00000000
DACOE                             00000005
DACPSS0                           00000002
DACPSS1                           00000003
DACR0                             00000000
DACR1                             00000001
DACR2                             00000002
DACR3                             00000003
DACR4                             00000004
MPASM 5.58                          MAIN.ASM   3-28-2018  2:31:04         PAGE 12


SYMBOL TABLE
  LABEL                             VALUE 

DATDHTRD                          00000025
DC                                00000001
DC1B0                             00000004
DC1B1                             00000005
DC2B0                             00000004
DC2B1                             00000005
DC3B0                             00000004
DC3B1                             00000005
DC4B0                             00000004
DC4B1                             00000005
DC_SHAD                           00000001
DHEN                              00000000
DHTREAD                           00000094
DHTREAD1B                         000000BC
DIG1                              0000002D
DIG10                             0000002C
DIG100                            0000002B
DIG2LCD                           00000005
DIV1                              0000008D
DIV10                             00000086
DIV100                            0000007F
DSPLBCD                           0000006B
DSPLTMPR                          00000046
D_NOT_A                           00000005
ECCP1AS                           00000295
ECCP2AS                           0000029C
EEADR                             00000191
EEADRH                            00000192
EEADRL                            00000191
EECON1                            00000195
EECON2                            00000196
EEDAT                             00000193
EEDATH                            00000194
EEDATL                            00000193
EEIE                              00000004
EEIF                              00000004
EEPGD                             00000007
F                                 00000001
FERR                              00000002
FREE                              00000004
FSR0                              00000004
FSR0H                             00000005
FSR0H_SHAD                        00000FE9
FSR0L                             00000004
FSR0L_SHAD                        00000FE8
FSR1                              00000006
FSR1H                             00000007
FSR1H_SHAD                        00000FEB
FSR1L                             00000006
FSR1L_SHAD                        00000FEA
FVRCON                            00000117
FVREN                             00000007
FVRRDY                            00000006
MPASM 5.58                          MAIN.ASM   3-28-2018  2:31:04         PAGE 13


SYMBOL TABLE
  LABEL                             VALUE 

GCEN                              00000007
GIE                               00000007
GO                                00000001
GO_NOT_DONE                       00000001
HEX2BCD                           0000007C
HEXNUM                            0000002F
HFIOFL                            00000003
HFIOFR                            00000004
HFIOFS                            00000000
HUMIDITY                          00000028
INDF0                             00000000
INDF1                             00000001
INTCON                            0000000B
INTE                              00000004
INTEDG                            00000006
INTF                              00000001
IOCBF                             00000396
IOCBF0                            00000000
IOCBF1                            00000001
IOCBF2                            00000002
IOCBF3                            00000003
IOCBF4                            00000004
IOCBF5                            00000005
IOCBF6                            00000006
IOCBF7                            00000007
IOCBN                             00000395
IOCBN0                            00000000
IOCBN1                            00000001
IOCBN2                            00000002
IOCBN3                            00000003
IOCBN4                            00000004
IOCBN5                            00000005
IOCBN6                            00000006
IOCBN7                            00000007
IOCBP                             00000394
IOCBP0                            00000000
IOCBP1                            00000001
IOCBP2                            00000002
IOCBP3                            00000003
IOCBP4                            00000004
IOCBP5                            00000005
IOCBP6                            00000006
IOCBP7                            00000007
IOCIE                             00000003
IOCIF                             00000000
IRCF0                             00000003
IRCF1                             00000004
IRCF2                             00000005
IRCF3                             00000006
ISR                               00000001
LATA                              0000010C
LATA0                             00000000
LATA1                             00000001
MPASM 5.58                          MAIN.ASM   3-28-2018  2:31:04         PAGE 14


SYMBOL TABLE
  LABEL                             VALUE 

LATA2                             00000002
LATA3                             00000003
LATA4                             00000004
LATA6                             00000006
LATA7                             00000007
LATB                              0000010D
LATB0                             00000000
LATB1                             00000001
LATB2                             00000002
LATB3                             00000003
LATB4                             00000004
LATB5                             00000005
LATB6                             00000006
LATB7                             00000007
LCDDATA                           00000021
LCDRSRW                           00000020
LCDWRIT                           00000060
LFIOFR                            00000001
LOOP                              0000005F
LPDHTRD1B                         000000BF
LPW1M5S                           000000D3
LPW1S                             000000DF
LPW20MS                           000000D9
LPW37US                           000000CD
LWLO                              00000005
MC1OUT                            00000000
MC2OUT                            00000001
MDBIT                             00000000
MDCARH                            0000039F
MDCARL                            0000039E
MDCH0                             00000000
MDCH1                             00000001
MDCH2                             00000002
MDCH3                             00000003
MDCHODIS                          00000007
MDCHPOL                           00000006
MDCHSYNC                          00000005
MDCL0                             00000000
MDCL1                             00000001
MDCL2                             00000002
MDCL3                             00000003
MDCLODIS                          00000007
MDCLPOL                           00000006
MDCLSYNC                          00000005
MDCON                             0000039C
MDEN                              00000007
MDMS0                             00000000
MDMS1                             00000001
MDMS2                             00000002
MDMS3                             00000003
MDMSODIS                          00000007
MDOE                              00000006
MDOPOL                            00000004
MPASM 5.58                          MAIN.ASM   3-28-2018  2:31:04         PAGE 15


SYMBOL TABLE
  LABEL                             VALUE 

MDOUT                             00000003
MDSLR                             00000005
MDSRC                             0000039D
MFIOFR                            00000002
NOT_BOR                           00000000
NOT_PD                            00000003
NOT_POR                           00000001
NOT_RI                            00000002
NOT_RMCLR                         00000003
NOT_T1SYNC                        00000002
NOT_TO                            00000004
NOT_WPUEN                         00000007
OERR                              00000001
OPTION_REG                        00000095
OSCCON                            00000099
OSCSTAT                           0000009A
OSCTUNE                           00000098
OSFIE                             00000007
OSFIF                             00000007
OSTS                              00000005
P                                 00000004
P1CSEL                            00000001
P1DC0                             00000000
P1DC1                             00000001
P1DC2                             00000002
P1DC3                             00000003
P1DC4                             00000004
P1DC5                             00000005
P1DC6                             00000006
P1DSEL                            00000002
P1M0                              00000006
P1M1                              00000007
P1RSEN                            00000007
P2BSEL                            00000004
P2DC0                             00000000
P2DC1                             00000001
P2DC2                             00000002
P2DC3                             00000003
P2DC4                             00000004
P2DC5                             00000005
P2DC6                             00000006
P2M0                              00000006
P2M1                              00000007
P2RSEN                            00000007
PARITY                            0000002E
PCIE                              00000006
PCL                               00000002
PCLATH                            0000000A
PCLATH_SHAD                       00000FE7
PCON                              00000096
PEIE                              00000006
PEN                               00000002
PIE1                              00000091
MPASM 5.58                          MAIN.ASM   3-28-2018  2:31:04         PAGE 16


SYMBOL TABLE
  LABEL                             VALUE 

PIE2                              00000092
PIE3                              00000093
PIE4                              00000094
PIR1                              00000011
PIR2                              00000012
PIR3                              00000013
PIR4                              00000014
PLLR                              00000006
PORTA                             0000000C
PORTB                             0000000D
PR2                               0000001B
PR4                               00000416
PR6                               0000041D
PS0                               00000000
PS1                               00000001
PS2                               00000002
PSA                               00000003
PSS1AC0                           00000002
PSS1AC1                           00000003
PSS1BD0                           00000000
PSS1BD1                           00000001
PSS2AC0                           00000002
PSS2AC1                           00000003
PSS2BD0                           00000000
PSS2BD1                           00000001
PSTR1CON                          00000296
PSTR2CON                          0000029D
PWM1CON                           00000294
PWM2CON                           0000029B
RA0                               00000000
RA1                               00000001
RA2                               00000002
RA3                               00000003
RA4                               00000004
RA5                               00000005
RA6                               00000006
RA7                               00000007
RB0                               00000000
RB1                               00000001
RB2                               00000002
RB3                               00000003
RB4                               00000004
RB5                               00000005
RB6                               00000006
RB7                               00000007
RCEN                              00000003
RCIDL                             00000006
RCIE                              00000005
RCIF                              00000005
RCREG                             00000199
RCSTA                             0000019D
RD                                00000000
RSEN                              00000001
MPASM 5.58                          MAIN.ASM   3-28-2018  2:31:04         PAGE 17


SYMBOL TABLE
  LABEL                             VALUE 

RX9                               00000006
RX9D                              00000000
RXDTSEL                           00000007
R_NOT_W                           00000002
S                                 00000003
SBCDE                             00000002
SBOREN                            00000007
SCIE                              00000005
SCKP                              00000004
SCS0                              00000000
SCS1                              00000001
SDAHT                             00000003
SDO1SEL                           00000006
SEN                               00000000
SENDB                             00000003
SMP                               00000007
SP1BRG                            0000019B
SP1BRGH                           0000019C
SP1BRGL                           0000019B
SPBRG                             0000019B
SPBRGH                            0000019C
SPBRGL                            0000019B
SPEN                              00000007
SPLLEN                            00000007
SRCLK0                            00000004
SRCLK1                            00000005
SRCLK2                            00000006
SRCON0                            0000011A
SRCON1                            0000011B
SREN                              00000005
SRLEN                             00000007
SRNQEN                            00000002
SRPR                              00000000
SRPS                              00000001
SRQEN                             00000003
SRRC1E                            00000000
SRRC2E                            00000001
SRRCKE                            00000002
SRRPE                             00000003
SRSC1E                            00000004
SRSC2E                            00000005
SRSCKE                            00000006
SRSPE                             00000007
SS1SEL                            00000005
SSP1ADD                           00000212
SSP1BUF                           00000211
SSP1CON1                          00000215
SSP1CON2                          00000216
SSP1CON3                          00000217
SSP1IE                            00000003
SSP1IF                            00000003
SSP1MSK                           00000213
SSP1STAT                          00000214
MPASM 5.58                          MAIN.ASM   3-28-2018  2:31:04         PAGE 18


SYMBOL TABLE
  LABEL                             VALUE 

SSP2ADD                           0000021A
SSP2BUF                           00000219
SSP2CON1                          0000021D
SSP2CON2                          0000021E
SSP2CON3                          0000021F
SSP2IE                            00000000
SSP2IF                            00000000
SSP2MSK                           0000021B
SSP2STAT                          0000021C
SSPADD                            00000212
SSPBUF                            00000211
SSPCON                            00000215
SSPCON1                           00000215
SSPCON2                           00000216
SSPCON3                           00000217
SSPEN                             00000005
SSPM0                             00000000
SSPM1                             00000001
SSPM2                             00000002
SSPM3                             00000003
SSPMSK                            00000213
SSPOV                             00000006
SSPSTAT                           00000214
START                             00000010
STATUS                            00000003
STATUS_SHAD                       00000FE4
STKOVF                            00000007
STKPTR                            00000FED
STKUNF                            00000006
STR1A                             00000000
STR1B                             00000001
STR1C                             00000002
STR1D                             00000003
STR1SYNC                          00000004
STR2A                             00000000
STR2B                             00000001
STR2C                             00000002
STR2D                             00000003
STR2SYNC                          00000004
SWDTEN                            00000000
SYNC                              00000004
T0CS                              00000005
T0IE                              00000005
T0IF                              00000002
T0SE                              00000004
T0XCS                             00000000
T1CKPS0                           00000004
T1CKPS1                           00000005
T1CON                             00000018
T1GCON                            00000019
T1GGO                             00000003
T1GPOL                            00000006
T1GSPM                            00000004
MPASM 5.58                          MAIN.ASM   3-28-2018  2:31:04         PAGE 19


SYMBOL TABLE
  LABEL                             VALUE 

T1GSS0                            00000000
T1GSS1                            00000001
T1GTM                             00000005
T1GVAL                            00000002
T1OSCEN                           00000003
T1OSCR                            00000007
T2CKPS0                           00000000
T2CKPS1                           00000001
T2CON                             0000001C
T2OUTPS0                          00000003
T2OUTPS1                          00000004
T2OUTPS2                          00000005
T2OUTPS3                          00000006
T4CKPS0                           00000000
T4CKPS1                           00000001
T4CON                             00000417
T4OUTPS0                          00000003
T4OUTPS1                          00000004
T4OUTPS2                          00000005
T4OUTPS3                          00000006
T6CKPS0                           00000000
T6CKPS1                           00000001
T6CON                             0000041E
T6OUTPS0                          00000003
T6OUTPS1                          00000004
T6OUTPS2                          00000005
T6OUTPS3                          00000006
TMPRTURE                          00000027
TMR0                              00000015
TMR0CS                            00000005
TMR0IE                            00000005
TMR0IF                            00000002
TMR0SE                            00000004
TMR1                              00000016
TMR1CS0                           00000006
TMR1CS1                           00000007
TMR1GE                            00000007
TMR1GIE                           00000007
TMR1GIF                           00000007
TMR1H                             00000017
TMR1IE                            00000000
TMR1IF                            00000000
TMR1L                             00000016
TMR1ON                            00000000
TMR2                              0000001A
TMR2IE                            00000001
TMR2IF                            00000001
TMR2ON                            00000002
TMR4                              00000415
TMR4IE                            00000001
TMR4IF                            00000001
TMR4ON                            00000002
TMR6                              0000041C
MPASM 5.58                          MAIN.ASM   3-28-2018  2:31:04         PAGE 20


SYMBOL TABLE
  LABEL                             VALUE 

TMR6IE                            00000003
TMR6IF                            00000003
TMR6ON                            00000002
TOSH                              00000FEF
TOSL                              00000FEE
TRISA                             0000008C
TRISA0                            00000000
TRISA1                            00000001
TRISA2                            00000002
TRISA3                            00000003
TRISA4                            00000004
TRISA5                            00000005
TRISA6                            00000006
TRISA7                            00000007
TRISB                             0000008D
TRISB0                            00000000
TRISB1                            00000001
TRISB2                            00000002
TRISB3                            00000003
TRISB4                            00000004
TRISB5                            00000005
TRISB6                            00000006
TRISB7                            00000007
TRMT                              00000001
TSEN                              00000005
TSRNG                             00000004
TUN0                              00000000
TUN1                              00000001
TUN2                              00000002
TUN3                              00000003
TUN4                              00000004
TUN5                              00000005
TX9                               00000006
TX9D                              00000000
TXCKSEL                           00000000
TXEN                              00000005
TXIE                              00000004
TXIF                              00000004
TXREG                             0000019A
TXSTA                             0000019E
UA                                00000001
W                                 00000000
WAIT1M5S                          000000D1
WAIT1S                            000000DD
WAIT20MS                          000000D7
WAIT37US                          000000CB
WCOL                              00000007
WDTCON                            00000097
WDTPS0                            00000001
WDTPS1                            00000002
WDTPS2                            00000003
WDTPS3                            00000004
WDTPS4                            00000005
MPASM 5.58                          MAIN.ASM   3-28-2018  2:31:04         PAGE 21


SYMBOL TABLE
  LABEL                             VALUE 

WPUA                              0000020C
WPUA5                             00000005
WPUB                              0000020D
WPUB0                             00000000
WPUB1                             00000001
WPUB2                             00000002
WPUB3                             00000003
WPUB4                             00000004
WPUB5                             00000005
WPUB6                             00000006
WPUB7                             00000007
WR                                00000001
WREG                              00000009
WREG_SHAD                         00000FE5
WREN                              00000002
WRERR                             00000003
WUE                               00000001
Z                                 00000002
Z_SHAD                            00000002
_BOREN_NSLEEP                     0000FDFF
_BOREN_OFF                        0000F9FF
_BOREN_ON                         0000FFFF
_BOREN_SBODEN                     0000FBFF
_BORV_19                          0000FFFF
_BORV_HI                          0000FBFF
_BORV_LO                          0000FFFF
_CLKOUTEN_OFF                     0000FFFF
_CLKOUTEN_ON                      0000F7FF
_CONFIG1                          00008007
_CONFIG2                          00008008
_CPD_OFF                          0000FFFF
_CPD_ON                           0000FEFF
_CP_OFF                           0000FFFF
_CP_ON                            0000FF7F
_DEVID1                           00008006
_FCMEN_OFF                        0000DFFF
_FCMEN_ON                         0000FFFF
_FOSC_ECH                         0000FFFF
_FOSC_ECL                         0000FFFD
_FOSC_ECM                         0000FFFE
_FOSC_EXTRC                       0000FFFB
_FOSC_HS                          0000FFFA
_FOSC_INTOSC                      0000FFFC
_FOSC_LP                          0000FFF8
_FOSC_XT                          0000FFF9
_HUMIDITY                         0000002A
_IDLOC0                           00008000
_IDLOC1                           00008001
_IDLOC2                           00008002
_IDLOC3                           00008003
_IESO_OFF                         0000EFFF
_IESO_ON                          0000FFFF
_LVP_OFF                          0000DFFF
MPASM 5.58                          MAIN.ASM   3-28-2018  2:31:04         PAGE 22


SYMBOL TABLE
  LABEL                             VALUE 

_LVP_ON                           0000FFFF
_MCLRE_OFF                        0000FFBF
_MCLRE_ON                         0000FFFF
_PLLEN_OFF                        0000FEFF
_PLLEN_ON                         0000FFFF
_PWRTE_OFF                        0000FFFF
_PWRTE_ON                         0000FFDF
_STVREN_OFF                       0000FDFF
_STVREN_ON                        0000FFFF
_TMPRTURE                         00000029
_WDTE_NSLEEP                      0000FFF7
_WDTE_OFF                         0000FFE7
_WDTE_ON                          0000FFFF
_WDTE_SWDTEN                      0000FFEF
_WRT_ALL                          0000FFFC
_WRT_BOOT                         0000FFFE
_WRT_HALF                         0000FFFD
_WRT_OFF                          0000FFFF
__16F1827                         00000001
__DEBUG                           
__MPLAB_DEBUGGER_PK3              1

Errors   :     0
Warnings :     0 reported,     0 suppressed
Messages :     9 reported,     0 suppressed

